2025-09-27 19:51:20,001 - django.request - WARNING - Not Found: /favicon.ico
2025-09-27 19:52:22,177 - psysmysql.stock - INFO - Iniciando: Generando resumen de stock
2025-09-27 19:52:22,209 - psysmysql.stock - INFO - Resumen de stock generado: 11915 productos
2025-09-27 19:52:22,209 - psysmysql.stock - INFO - Completado: Generando resumen de stock (-0.032s)
2025-09-27 19:52:22,210 - psysmysql.performance - INFO - psysmysql.services.stock_service.get_stock_summary ejecutado en 0.032s
2025-09-27 19:52:22,210 - psysmysql.stock - INFO - Iniciando: Generando alertas de stock
2025-09-27 19:52:22,213 - psysmysql.stock - INFO - Alertas generadas: 0
2025-09-27 19:52:22,213 - psysmysql.stock - INFO - Completado: Generando alertas de stock (-0.003s)
2025-09-27 19:55:27,905 - psysmysql.stock - INFO - Iniciando: Generando resumen de stock
2025-09-27 19:55:27,911 - psysmysql.stock - INFO - Resumen de stock generado: 11915 productos
2025-09-27 19:55:27,911 - psysmysql.stock - INFO - Completado: Generando resumen de stock (-0.006s)
2025-09-27 19:55:27,911 - psysmysql.performance - INFO - psysmysql.services.stock_service.get_stock_summary ejecutado en 0.007s
2025-09-27 19:55:27,912 - psysmysql.stock - INFO - Iniciando: Generando alertas de stock
2025-09-27 19:55:27,915 - psysmysql.stock - INFO - Alertas generadas: 0
2025-09-27 19:55:27,915 - psysmysql.stock - INFO - Completado: Generando alertas de stock (-0.003s)
2025-09-27 20:00:38,085 - django.utils.autoreload - INFO - /home/Francisco-dev/work/Python/Django/WORK/PsysMsql/psysmysql/views.py changed, reloading.
2025-09-27 20:17:03,321 - django.utils.autoreload - INFO - /home/Francisco-dev/work/Python/Django/WORK/PsysMsql/users/views.py changed, reloading.
2025-09-27 20:19:47,907 - django.utils.autoreload - INFO - /home/Francisco-dev/work/Python/Django/WORK/PsysMsql/users/forms.py changed, reloading.
2025-09-27 20:22:16,261 - django.utils.autoreload - INFO - /home/Francisco-dev/work/Python/Django/WORK/PsysMsql/users/forms.py changed, reloading.
2025-09-27 20:22:51,340 - django.utils.autoreload - INFO - /home/Francisco-dev/work/Python/Django/WORK/PsysMsql/users/forms.py changed, reloading.
2025-09-27 20:24:43,900 - django.utils.autoreload - INFO - /home/Francisco-dev/work/Python/Django/WORK/PsysMsql/users/forms.py changed, reloading.
2025-09-27 20:25:34,248 - django.utils.autoreload - INFO - /home/Francisco-dev/work/Python/Django/WORK/PsysMsql/users/forms.py changed, reloading.
2025-09-27 20:25:55,783 - django.utils.autoreload - INFO - /home/Francisco-dev/work/Python/Django/WORK/PsysMsql/users/forms.py changed, reloading.
2025-09-27 20:26:24,448 - django.utils.autoreload - INFO - /home/Francisco-dev/work/Python/Django/WORK/PsysMsql/users/forms.py changed, reloading.
2025-09-27 20:26:53,070 - django.utils.autoreload - INFO - /home/Francisco-dev/work/Python/Django/WORK/PsysMsql/users/forms.py changed, reloading.
2025-09-27 20:31:45,582 - django.utils.autoreload - INFO - /home/Francisco-dev/work/Python/Django/WORK/PsysMsql/users/views.py changed, reloading.
2025-09-27 20:31:59,485 - django.utils.autoreload - INFO - /home/Francisco-dev/work/Python/Django/WORK/PsysMsql/users/views.py changed, reloading.
2025-09-27 20:32:24,967 - django.utils.autoreload - INFO - /home/Francisco-dev/work/Python/Django/WORK/PsysMsql/users/views.py changed, reloading.
2025-09-27 20:33:26,883 - django.utils.autoreload - INFO - /home/Francisco-dev/work/Python/Django/WORK/PsysMsql/users/urls.py changed, reloading.
2025-09-27 20:34:06,983 - django.utils.autoreload - INFO - /home/Francisco-dev/work/Python/Django/WORK/PsysMsql/users/urls.py changed, reloading.
2025-09-27 20:34:45,137 - django.utils.autoreload - INFO - /home/Francisco-dev/work/Python/Django/WORK/PsysMsql/users/forms.py changed, reloading.
2025-09-27 20:35:04,196 - django.utils.autoreload - INFO - /home/Francisco-dev/work/Python/Django/WORK/PsysMsql/users/views.py changed, reloading.
2025-09-27 20:35:12,906 - django.utils.autoreload - INFO - /home/Francisco-dev/work/Python/Django/WORK/PsysMsql/users/views.py changed, reloading.
2025-09-27 20:35:29,782 - django.utils.autoreload - INFO - /home/Francisco-dev/work/Python/Django/WORK/PsysMsql/users/views.py changed, reloading.
2025-09-27 20:37:13,444 - django.utils.autoreload - INFO - /home/Francisco-dev/work/Python/Django/WORK/PsysMsql/users/forms.py changed, reloading.
2025-09-27 20:38:06,491 - django.utils.autoreload - INFO - /home/Francisco-dev/work/Python/Django/WORK/PsysMsql/users/views.py changed, reloading.
2025-09-27 20:38:30,575 - django.request - WARNING - Not Found: /accounts/change_password/
2025-09-27 20:42:25,491 - django.request - WARNING - Not Found: /password_change/
2025-09-27 20:42:40,332 - django.utils.autoreload - INFO - /home/Francisco-dev/work/Python/Django/WORK/PsysMsql/users/urls.py changed, reloading.
2025-09-27 20:42:43,591 - django.request - ERROR - Internal Server Error: /password_change/
Traceback (most recent call last):
  File "/home/Francisco-dev/.local/lib/python3.13/site-packages/django/core/handlers/exception.py", line 55, in inner
    response = get_response(request)
  File "/home/Francisco-dev/.local/lib/python3.13/site-packages/django/core/handlers/base.py", line 220, in _get_response
    response = response.render()
  File "/home/Francisco-dev/.local/lib/python3.13/site-packages/django/template/response.py", line 114, in render
    self.content = self.rendered_content
                   ^^^^^^^^^^^^^^^^^^^^^
  File "/home/Francisco-dev/.local/lib/python3.13/site-packages/django/template/response.py", line 90, in rendered_content
    template = self.resolve_template(self.template_name)
  File "/home/Francisco-dev/.local/lib/python3.13/site-packages/django/template/response.py", line 72, in resolve_template
    return select_template(template, using=self.using)
  File "/home/Francisco-dev/.local/lib/python3.13/site-packages/django/template/loader.py", line 47, in select_template
    raise TemplateDoesNotExist(", ".join(template_name_list), chain=chain)
django.template.exceptions.TemplateDoesNotExist: users/password_change_form.html
2025-09-27 20:42:45,249 - django.request - ERROR - Internal Server Error: /password_change/
Traceback (most recent call last):
  File "/home/Francisco-dev/.local/lib/python3.13/site-packages/django/core/handlers/exception.py", line 55, in inner
    response = get_response(request)
  File "/home/Francisco-dev/.local/lib/python3.13/site-packages/django/core/handlers/base.py", line 220, in _get_response
    response = response.render()
  File "/home/Francisco-dev/.local/lib/python3.13/site-packages/django/template/response.py", line 114, in render
    self.content = self.rendered_content
                   ^^^^^^^^^^^^^^^^^^^^^
  File "/home/Francisco-dev/.local/lib/python3.13/site-packages/django/template/response.py", line 90, in rendered_content
    template = self.resolve_template(self.template_name)
  File "/home/Francisco-dev/.local/lib/python3.13/site-packages/django/template/response.py", line 72, in resolve_template
    return select_template(template, using=self.using)
  File "/home/Francisco-dev/.local/lib/python3.13/site-packages/django/template/loader.py", line 47, in select_template
    raise TemplateDoesNotExist(", ".join(template_name_list), chain=chain)
django.template.exceptions.TemplateDoesNotExist: users/password_change_form.html
2025-09-27 20:43:31,842 - django.utils.autoreload - INFO - /home/Francisco-dev/work/Python/Django/WORK/PsysMsql/users/views.py changed, reloading.
2025-09-27 20:43:33,853 - django.request - ERROR - Internal Server Error: /password_change/
Traceback (most recent call last):
  File "/home/Francisco-dev/.local/lib/python3.13/site-packages/django/template/base.py", line 510, in parse
    compile_func = self.tags[command]
                   ~~~~~~~~~^^^^^^^^^
KeyError: 'endblock'

During handling of the above exception, another exception occurred:

Traceback (most recent call last):
  File "/home/Francisco-dev/.local/lib/python3.13/site-packages/django/core/handlers/exception.py", line 55, in inner
    response = get_response(request)
  File "/home/Francisco-dev/.local/lib/python3.13/site-packages/django/core/handlers/base.py", line 220, in _get_response
    response = response.render()
  File "/home/Francisco-dev/.local/lib/python3.13/site-packages/django/template/response.py", line 114, in render
    self.content = self.rendered_content
                   ^^^^^^^^^^^^^^^^^^^^^
  File "/home/Francisco-dev/.local/lib/python3.13/site-packages/django/template/response.py", line 90, in rendered_content
    template = self.resolve_template(self.template_name)
  File "/home/Francisco-dev/.local/lib/python3.13/site-packages/django/template/response.py", line 72, in resolve_template
    return select_template(template, using=self.using)
  File "/home/Francisco-dev/.local/lib/python3.13/site-packages/django/template/loader.py", line 42, in select_template
    return engine.get_template(template_name)
           ~~~~~~~~~~~~~~~~~~~^^^^^^^^^^^^^^^
  File "/home/Francisco-dev/.local/lib/python3.13/site-packages/django/template/backends/django.py", line 79, in get_template
    return Template(self.engine.get_template(template_name), self)
                    ~~~~~~~~~~~~~~~~~~~~~~~~^^^^^^^^^^^^^^^
  File "/home/Francisco-dev/.local/lib/python3.13/site-packages/django/template/engine.py", line 177, in get_template
    template, origin = self.find_template(template_name)
                       ~~~~~~~~~~~~~~~~~~^^^^^^^^^^^^^^^
  File "/home/Francisco-dev/.local/lib/python3.13/site-packages/django/template/engine.py", line 159, in find_template
    template = loader.get_template(name, skip=skip)
  File "/home/Francisco-dev/.local/lib/python3.13/site-packages/django/template/loaders/cached.py", line 57, in get_template
    template = super().get_template(template_name, skip)
  File "/home/Francisco-dev/.local/lib/python3.13/site-packages/django/template/loaders/base.py", line 28, in get_template
    return Template(
        contents,
    ...<2 lines>...
        self.engine,
    )
  File "/home/Francisco-dev/.local/lib/python3.13/site-packages/django/template/base.py", line 154, in __init__
    self.nodelist = self.compile_nodelist()
                    ~~~~~~~~~~~~~~~~~~~~~^^
  File "/home/Francisco-dev/.local/lib/python3.13/site-packages/django/template/base.py", line 196, in compile_nodelist
    nodelist = parser.parse()
  File "/home/Francisco-dev/.local/lib/python3.13/site-packages/django/template/base.py", line 518, in parse
    raise self.error(token, e)
  File "/home/Francisco-dev/.local/lib/python3.13/site-packages/django/template/base.py", line 516, in parse
    compiled_result = compile_func(self, token)
  File "/home/Francisco-dev/.local/lib/python3.13/site-packages/django/template/loader_tags.py", line 299, in do_extends
    nodelist = parser.parse()
  File "/home/Francisco-dev/.local/lib/python3.13/site-packages/django/template/base.py", line 512, in parse
    self.invalid_block_tag(token, command, parse_until)
    ~~~~~~~~~~~~~~~~~~~~~~^^^^^^^^^^^^^^^^^^^^^^^^^^^^^
  File "/home/Francisco-dev/.local/lib/python3.13/site-packages/django/template/base.py", line 577, in invalid_block_tag
    raise self.error(
    ...<3 lines>...
    )
django.template.exceptions.TemplateSyntaxError: Invalid block tag on line 8: 'endblock'. Did you forget to register or load this tag?
2025-09-27 20:43:34,433 - django.request - ERROR - Internal Server Error: /password_change/
Traceback (most recent call last):
  File "/home/Francisco-dev/.local/lib/python3.13/site-packages/django/template/base.py", line 510, in parse
    compile_func = self.tags[command]
                   ~~~~~~~~~^^^^^^^^^
KeyError: 'endblock'

During handling of the above exception, another exception occurred:

Traceback (most recent call last):
  File "/home/Francisco-dev/.local/lib/python3.13/site-packages/django/core/handlers/exception.py", line 55, in inner
    response = get_response(request)
  File "/home/Francisco-dev/.local/lib/python3.13/site-packages/django/core/handlers/base.py", line 220, in _get_response
    response = response.render()
  File "/home/Francisco-dev/.local/lib/python3.13/site-packages/django/template/response.py", line 114, in render
    self.content = self.rendered_content
                   ^^^^^^^^^^^^^^^^^^^^^
  File "/home/Francisco-dev/.local/lib/python3.13/site-packages/django/template/response.py", line 90, in rendered_content
    template = self.resolve_template(self.template_name)
  File "/home/Francisco-dev/.local/lib/python3.13/site-packages/django/template/response.py", line 72, in resolve_template
    return select_template(template, using=self.using)
  File "/home/Francisco-dev/.local/lib/python3.13/site-packages/django/template/loader.py", line 42, in select_template
    return engine.get_template(template_name)
           ~~~~~~~~~~~~~~~~~~~^^^^^^^^^^^^^^^
  File "/home/Francisco-dev/.local/lib/python3.13/site-packages/django/template/backends/django.py", line 79, in get_template
    return Template(self.engine.get_template(template_name), self)
                    ~~~~~~~~~~~~~~~~~~~~~~~~^^^^^^^^^^^^^^^
  File "/home/Francisco-dev/.local/lib/python3.13/site-packages/django/template/engine.py", line 177, in get_template
    template, origin = self.find_template(template_name)
                       ~~~~~~~~~~~~~~~~~~^^^^^^^^^^^^^^^
  File "/home/Francisco-dev/.local/lib/python3.13/site-packages/django/template/engine.py", line 159, in find_template
    template = loader.get_template(name, skip=skip)
  File "/home/Francisco-dev/.local/lib/python3.13/site-packages/django/template/loaders/cached.py", line 57, in get_template
    template = super().get_template(template_name, skip)
  File "/home/Francisco-dev/.local/lib/python3.13/site-packages/django/template/loaders/base.py", line 28, in get_template
    return Template(
        contents,
    ...<2 lines>...
        self.engine,
    )
  File "/home/Francisco-dev/.local/lib/python3.13/site-packages/django/template/base.py", line 154, in __init__
    self.nodelist = self.compile_nodelist()
                    ~~~~~~~~~~~~~~~~~~~~~^^
  File "/home/Francisco-dev/.local/lib/python3.13/site-packages/django/template/base.py", line 196, in compile_nodelist
    nodelist = parser.parse()
  File "/home/Francisco-dev/.local/lib/python3.13/site-packages/django/template/base.py", line 518, in parse
    raise self.error(token, e)
  File "/home/Francisco-dev/.local/lib/python3.13/site-packages/django/template/base.py", line 516, in parse
    compiled_result = compile_func(self, token)
  File "/home/Francisco-dev/.local/lib/python3.13/site-packages/django/template/loader_tags.py", line 299, in do_extends
    nodelist = parser.parse()
  File "/home/Francisco-dev/.local/lib/python3.13/site-packages/django/template/base.py", line 512, in parse
    self.invalid_block_tag(token, command, parse_until)
    ~~~~~~~~~~~~~~~~~~~~~~^^^^^^^^^^^^^^^^^^^^^^^^^^^^^
  File "/home/Francisco-dev/.local/lib/python3.13/site-packages/django/template/base.py", line 577, in invalid_block_tag
    raise self.error(
    ...<3 lines>...
    )
django.template.exceptions.TemplateSyntaxError: Invalid block tag on line 8: 'endblock'. Did you forget to register or load this tag?
2025-09-27 20:43:34,633 - django.request - ERROR - Internal Server Error: /password_change/
Traceback (most recent call last):
  File "/home/Francisco-dev/.local/lib/python3.13/site-packages/django/template/base.py", line 510, in parse
    compile_func = self.tags[command]
                   ~~~~~~~~~^^^^^^^^^
KeyError: 'endblock'

During handling of the above exception, another exception occurred:

Traceback (most recent call last):
  File "/home/Francisco-dev/.local/lib/python3.13/site-packages/django/core/handlers/exception.py", line 55, in inner
    response = get_response(request)
  File "/home/Francisco-dev/.local/lib/python3.13/site-packages/django/core/handlers/base.py", line 220, in _get_response
    response = response.render()
  File "/home/Francisco-dev/.local/lib/python3.13/site-packages/django/template/response.py", line 114, in render
    self.content = self.rendered_content
                   ^^^^^^^^^^^^^^^^^^^^^
  File "/home/Francisco-dev/.local/lib/python3.13/site-packages/django/template/response.py", line 90, in rendered_content
    template = self.resolve_template(self.template_name)
  File "/home/Francisco-dev/.local/lib/python3.13/site-packages/django/template/response.py", line 72, in resolve_template
    return select_template(template, using=self.using)
  File "/home/Francisco-dev/.local/lib/python3.13/site-packages/django/template/loader.py", line 42, in select_template
    return engine.get_template(template_name)
           ~~~~~~~~~~~~~~~~~~~^^^^^^^^^^^^^^^
  File "/home/Francisco-dev/.local/lib/python3.13/site-packages/django/template/backends/django.py", line 79, in get_template
    return Template(self.engine.get_template(template_name), self)
                    ~~~~~~~~~~~~~~~~~~~~~~~~^^^^^^^^^^^^^^^
  File "/home/Francisco-dev/.local/lib/python3.13/site-packages/django/template/engine.py", line 177, in get_template
    template, origin = self.find_template(template_name)
                       ~~~~~~~~~~~~~~~~~~^^^^^^^^^^^^^^^
  File "/home/Francisco-dev/.local/lib/python3.13/site-packages/django/template/engine.py", line 159, in find_template
    template = loader.get_template(name, skip=skip)
  File "/home/Francisco-dev/.local/lib/python3.13/site-packages/django/template/loaders/cached.py", line 57, in get_template
    template = super().get_template(template_name, skip)
  File "/home/Francisco-dev/.local/lib/python3.13/site-packages/django/template/loaders/base.py", line 28, in get_template
    return Template(
        contents,
    ...<2 lines>...
        self.engine,
    )
  File "/home/Francisco-dev/.local/lib/python3.13/site-packages/django/template/base.py", line 154, in __init__
    self.nodelist = self.compile_nodelist()
                    ~~~~~~~~~~~~~~~~~~~~~^^
  File "/home/Francisco-dev/.local/lib/python3.13/site-packages/django/template/base.py", line 196, in compile_nodelist
    nodelist = parser.parse()
  File "/home/Francisco-dev/.local/lib/python3.13/site-packages/django/template/base.py", line 518, in parse
    raise self.error(token, e)
  File "/home/Francisco-dev/.local/lib/python3.13/site-packages/django/template/base.py", line 516, in parse
    compiled_result = compile_func(self, token)
  File "/home/Francisco-dev/.local/lib/python3.13/site-packages/django/template/loader_tags.py", line 299, in do_extends
    nodelist = parser.parse()
  File "/home/Francisco-dev/.local/lib/python3.13/site-packages/django/template/base.py", line 512, in parse
    self.invalid_block_tag(token, command, parse_until)
    ~~~~~~~~~~~~~~~~~~~~~~^^^^^^^^^^^^^^^^^^^^^^^^^^^^^
  File "/home/Francisco-dev/.local/lib/python3.13/site-packages/django/template/base.py", line 577, in invalid_block_tag
    raise self.error(
    ...<3 lines>...
    )
django.template.exceptions.TemplateSyntaxError: Invalid block tag on line 8: 'endblock'. Did you forget to register or load this tag?
2025-09-27 20:44:25,415 - django.request - ERROR - Internal Server Error: /password_change/
Traceback (most recent call last):
  File "/home/Francisco-dev/.local/lib/python3.13/site-packages/django/template/base.py", line 510, in parse
    compile_func = self.tags[command]
                   ~~~~~~~~~^^^^^^^^^
KeyError: 'end'

During handling of the above exception, another exception occurred:

Traceback (most recent call last):
  File "/home/Francisco-dev/.local/lib/python3.13/site-packages/django/core/handlers/exception.py", line 55, in inner
    response = get_response(request)
  File "/home/Francisco-dev/.local/lib/python3.13/site-packages/django/core/handlers/base.py", line 220, in _get_response
    response = response.render()
  File "/home/Francisco-dev/.local/lib/python3.13/site-packages/django/template/response.py", line 114, in render
    self.content = self.rendered_content
                   ^^^^^^^^^^^^^^^^^^^^^
  File "/home/Francisco-dev/.local/lib/python3.13/site-packages/django/template/response.py", line 90, in rendered_content
    template = self.resolve_template(self.template_name)
  File "/home/Francisco-dev/.local/lib/python3.13/site-packages/django/template/response.py", line 72, in resolve_template
    return select_template(template, using=self.using)
  File "/home/Francisco-dev/.local/lib/python3.13/site-packages/django/template/loader.py", line 42, in select_template
    return engine.get_template(template_name)
           ~~~~~~~~~~~~~~~~~~~^^^^^^^^^^^^^^^
  File "/home/Francisco-dev/.local/lib/python3.13/site-packages/django/template/backends/django.py", line 79, in get_template
    return Template(self.engine.get_template(template_name), self)
                    ~~~~~~~~~~~~~~~~~~~~~~~~^^^^^^^^^^^^^^^
  File "/home/Francisco-dev/.local/lib/python3.13/site-packages/django/template/engine.py", line 177, in get_template
    template, origin = self.find_template(template_name)
                       ~~~~~~~~~~~~~~~~~~^^^^^^^^^^^^^^^
  File "/home/Francisco-dev/.local/lib/python3.13/site-packages/django/template/engine.py", line 159, in find_template
    template = loader.get_template(name, skip=skip)
  File "/home/Francisco-dev/.local/lib/python3.13/site-packages/django/template/loaders/cached.py", line 57, in get_template
    template = super().get_template(template_name, skip)
  File "/home/Francisco-dev/.local/lib/python3.13/site-packages/django/template/loaders/base.py", line 28, in get_template
    return Template(
        contents,
    ...<2 lines>...
        self.engine,
    )
  File "/home/Francisco-dev/.local/lib/python3.13/site-packages/django/template/base.py", line 154, in __init__
    self.nodelist = self.compile_nodelist()
                    ~~~~~~~~~~~~~~~~~~~~~^^
  File "/home/Francisco-dev/.local/lib/python3.13/site-packages/django/template/base.py", line 196, in compile_nodelist
    nodelist = parser.parse()
  File "/home/Francisco-dev/.local/lib/python3.13/site-packages/django/template/base.py", line 518, in parse
    raise self.error(token, e)
  File "/home/Francisco-dev/.local/lib/python3.13/site-packages/django/template/base.py", line 516, in parse
    compiled_result = compile_func(self, token)
  File "/home/Francisco-dev/.local/lib/python3.13/site-packages/django/template/loader_tags.py", line 299, in do_extends
    nodelist = parser.parse()
  File "/home/Francisco-dev/.local/lib/python3.13/site-packages/django/template/base.py", line 512, in parse
    self.invalid_block_tag(token, command, parse_until)
    ~~~~~~~~~~~~~~~~~~~~~~^^^^^^^^^^^^^^^^^^^^^^^^^^^^^
  File "/home/Francisco-dev/.local/lib/python3.13/site-packages/django/template/base.py", line 577, in invalid_block_tag
    raise self.error(
    ...<3 lines>...
    )
django.template.exceptions.TemplateSyntaxError: Invalid block tag on line 8: 'end'. Did you forget to register or load this tag?
2025-09-27 20:44:26,148 - django.request - ERROR - Internal Server Error: /password_change/
Traceback (most recent call last):
  File "/home/Francisco-dev/.local/lib/python3.13/site-packages/django/template/base.py", line 510, in parse
    compile_func = self.tags[command]
                   ~~~~~~~~~^^^^^^^^^
KeyError: 'end'

During handling of the above exception, another exception occurred:

Traceback (most recent call last):
  File "/home/Francisco-dev/.local/lib/python3.13/site-packages/django/core/handlers/exception.py", line 55, in inner
    response = get_response(request)
  File "/home/Francisco-dev/.local/lib/python3.13/site-packages/django/core/handlers/base.py", line 220, in _get_response
    response = response.render()
  File "/home/Francisco-dev/.local/lib/python3.13/site-packages/django/template/response.py", line 114, in render
    self.content = self.rendered_content
                   ^^^^^^^^^^^^^^^^^^^^^
  File "/home/Francisco-dev/.local/lib/python3.13/site-packages/django/template/response.py", line 90, in rendered_content
    template = self.resolve_template(self.template_name)
  File "/home/Francisco-dev/.local/lib/python3.13/site-packages/django/template/response.py", line 72, in resolve_template
    return select_template(template, using=self.using)
  File "/home/Francisco-dev/.local/lib/python3.13/site-packages/django/template/loader.py", line 42, in select_template
    return engine.get_template(template_name)
           ~~~~~~~~~~~~~~~~~~~^^^^^^^^^^^^^^^
  File "/home/Francisco-dev/.local/lib/python3.13/site-packages/django/template/backends/django.py", line 79, in get_template
    return Template(self.engine.get_template(template_name), self)
                    ~~~~~~~~~~~~~~~~~~~~~~~~^^^^^^^^^^^^^^^
  File "/home/Francisco-dev/.local/lib/python3.13/site-packages/django/template/engine.py", line 177, in get_template
    template, origin = self.find_template(template_name)
                       ~~~~~~~~~~~~~~~~~~^^^^^^^^^^^^^^^
  File "/home/Francisco-dev/.local/lib/python3.13/site-packages/django/template/engine.py", line 159, in find_template
    template = loader.get_template(name, skip=skip)
  File "/home/Francisco-dev/.local/lib/python3.13/site-packages/django/template/loaders/cached.py", line 57, in get_template
    template = super().get_template(template_name, skip)
  File "/home/Francisco-dev/.local/lib/python3.13/site-packages/django/template/loaders/base.py", line 28, in get_template
    return Template(
        contents,
    ...<2 lines>...
        self.engine,
    )
  File "/home/Francisco-dev/.local/lib/python3.13/site-packages/django/template/base.py", line 154, in __init__
    self.nodelist = self.compile_nodelist()
                    ~~~~~~~~~~~~~~~~~~~~~^^
  File "/home/Francisco-dev/.local/lib/python3.13/site-packages/django/template/base.py", line 196, in compile_nodelist
    nodelist = parser.parse()
  File "/home/Francisco-dev/.local/lib/python3.13/site-packages/django/template/base.py", line 518, in parse
    raise self.error(token, e)
  File "/home/Francisco-dev/.local/lib/python3.13/site-packages/django/template/base.py", line 516, in parse
    compiled_result = compile_func(self, token)
  File "/home/Francisco-dev/.local/lib/python3.13/site-packages/django/template/loader_tags.py", line 299, in do_extends
    nodelist = parser.parse()
  File "/home/Francisco-dev/.local/lib/python3.13/site-packages/django/template/base.py", line 512, in parse
    self.invalid_block_tag(token, command, parse_until)
    ~~~~~~~~~~~~~~~~~~~~~~^^^^^^^^^^^^^^^^^^^^^^^^^^^^^
  File "/home/Francisco-dev/.local/lib/python3.13/site-packages/django/template/base.py", line 577, in invalid_block_tag
    raise self.error(
    ...<3 lines>...
    )
django.template.exceptions.TemplateSyntaxError: Invalid block tag on line 8: 'end'. Did you forget to register or load this tag?
2025-09-27 20:44:31,097 - django.request - ERROR - Internal Server Error: /password_change/
Traceback (most recent call last):
  File "/home/Francisco-dev/.local/lib/python3.13/site-packages/django/template/base.py", line 510, in parse
    compile_func = self.tags[command]
                   ~~~~~~~~~^^^^^^^^^
KeyError: 'endblock'

During handling of the above exception, another exception occurred:

Traceback (most recent call last):
  File "/home/Francisco-dev/.local/lib/python3.13/site-packages/django/core/handlers/exception.py", line 55, in inner
    response = get_response(request)
  File "/home/Francisco-dev/.local/lib/python3.13/site-packages/django/core/handlers/base.py", line 220, in _get_response
    response = response.render()
  File "/home/Francisco-dev/.local/lib/python3.13/site-packages/django/template/response.py", line 114, in render
    self.content = self.rendered_content
                   ^^^^^^^^^^^^^^^^^^^^^
  File "/home/Francisco-dev/.local/lib/python3.13/site-packages/django/template/response.py", line 90, in rendered_content
    template = self.resolve_template(self.template_name)
  File "/home/Francisco-dev/.local/lib/python3.13/site-packages/django/template/response.py", line 72, in resolve_template
    return select_template(template, using=self.using)
  File "/home/Francisco-dev/.local/lib/python3.13/site-packages/django/template/loader.py", line 42, in select_template
    return engine.get_template(template_name)
           ~~~~~~~~~~~~~~~~~~~^^^^^^^^^^^^^^^
  File "/home/Francisco-dev/.local/lib/python3.13/site-packages/django/template/backends/django.py", line 79, in get_template
    return Template(self.engine.get_template(template_name), self)
                    ~~~~~~~~~~~~~~~~~~~~~~~~^^^^^^^^^^^^^^^
  File "/home/Francisco-dev/.local/lib/python3.13/site-packages/django/template/engine.py", line 177, in get_template
    template, origin = self.find_template(template_name)
                       ~~~~~~~~~~~~~~~~~~^^^^^^^^^^^^^^^
  File "/home/Francisco-dev/.local/lib/python3.13/site-packages/django/template/engine.py", line 159, in find_template
    template = loader.get_template(name, skip=skip)
  File "/home/Francisco-dev/.local/lib/python3.13/site-packages/django/template/loaders/cached.py", line 57, in get_template
    template = super().get_template(template_name, skip)
  File "/home/Francisco-dev/.local/lib/python3.13/site-packages/django/template/loaders/base.py", line 28, in get_template
    return Template(
        contents,
    ...<2 lines>...
        self.engine,
    )
  File "/home/Francisco-dev/.local/lib/python3.13/site-packages/django/template/base.py", line 154, in __init__
    self.nodelist = self.compile_nodelist()
                    ~~~~~~~~~~~~~~~~~~~~~^^
  File "/home/Francisco-dev/.local/lib/python3.13/site-packages/django/template/base.py", line 196, in compile_nodelist
    nodelist = parser.parse()
  File "/home/Francisco-dev/.local/lib/python3.13/site-packages/django/template/base.py", line 518, in parse
    raise self.error(token, e)
  File "/home/Francisco-dev/.local/lib/python3.13/site-packages/django/template/base.py", line 516, in parse
    compiled_result = compile_func(self, token)
  File "/home/Francisco-dev/.local/lib/python3.13/site-packages/django/template/loader_tags.py", line 299, in do_extends
    nodelist = parser.parse()
  File "/home/Francisco-dev/.local/lib/python3.13/site-packages/django/template/base.py", line 512, in parse
    self.invalid_block_tag(token, command, parse_until)
    ~~~~~~~~~~~~~~~~~~~~~~^^^^^^^^^^^^^^^^^^^^^^^^^^^^^
  File "/home/Francisco-dev/.local/lib/python3.13/site-packages/django/template/base.py", line 577, in invalid_block_tag
    raise self.error(
    ...<3 lines>...
    )
django.template.exceptions.TemplateSyntaxError: Invalid block tag on line 8: 'endblock'. Did you forget to register or load this tag?
2025-09-27 20:44:31,654 - django.request - ERROR - Internal Server Error: /password_change/
Traceback (most recent call last):
  File "/home/Francisco-dev/.local/lib/python3.13/site-packages/django/template/base.py", line 510, in parse
    compile_func = self.tags[command]
                   ~~~~~~~~~^^^^^^^^^
KeyError: 'endblock'

During handling of the above exception, another exception occurred:

Traceback (most recent call last):
  File "/home/Francisco-dev/.local/lib/python3.13/site-packages/django/core/handlers/exception.py", line 55, in inner
    response = get_response(request)
  File "/home/Francisco-dev/.local/lib/python3.13/site-packages/django/core/handlers/base.py", line 220, in _get_response
    response = response.render()
  File "/home/Francisco-dev/.local/lib/python3.13/site-packages/django/template/response.py", line 114, in render
    self.content = self.rendered_content
                   ^^^^^^^^^^^^^^^^^^^^^
  File "/home/Francisco-dev/.local/lib/python3.13/site-packages/django/template/response.py", line 90, in rendered_content
    template = self.resolve_template(self.template_name)
  File "/home/Francisco-dev/.local/lib/python3.13/site-packages/django/template/response.py", line 72, in resolve_template
    return select_template(template, using=self.using)
  File "/home/Francisco-dev/.local/lib/python3.13/site-packages/django/template/loader.py", line 42, in select_template
    return engine.get_template(template_name)
           ~~~~~~~~~~~~~~~~~~~^^^^^^^^^^^^^^^
  File "/home/Francisco-dev/.local/lib/python3.13/site-packages/django/template/backends/django.py", line 79, in get_template
    return Template(self.engine.get_template(template_name), self)
                    ~~~~~~~~~~~~~~~~~~~~~~~~^^^^^^^^^^^^^^^
  File "/home/Francisco-dev/.local/lib/python3.13/site-packages/django/template/engine.py", line 177, in get_template
    template, origin = self.find_template(template_name)
                       ~~~~~~~~~~~~~~~~~~^^^^^^^^^^^^^^^
  File "/home/Francisco-dev/.local/lib/python3.13/site-packages/django/template/engine.py", line 159, in find_template
    template = loader.get_template(name, skip=skip)
  File "/home/Francisco-dev/.local/lib/python3.13/site-packages/django/template/loaders/cached.py", line 57, in get_template
    template = super().get_template(template_name, skip)
  File "/home/Francisco-dev/.local/lib/python3.13/site-packages/django/template/loaders/base.py", line 28, in get_template
    return Template(
        contents,
    ...<2 lines>...
        self.engine,
    )
  File "/home/Francisco-dev/.local/lib/python3.13/site-packages/django/template/base.py", line 154, in __init__
    self.nodelist = self.compile_nodelist()
                    ~~~~~~~~~~~~~~~~~~~~~^^
  File "/home/Francisco-dev/.local/lib/python3.13/site-packages/django/template/base.py", line 196, in compile_nodelist
    nodelist = parser.parse()
  File "/home/Francisco-dev/.local/lib/python3.13/site-packages/django/template/base.py", line 518, in parse
    raise self.error(token, e)
  File "/home/Francisco-dev/.local/lib/python3.13/site-packages/django/template/base.py", line 516, in parse
    compiled_result = compile_func(self, token)
  File "/home/Francisco-dev/.local/lib/python3.13/site-packages/django/template/loader_tags.py", line 299, in do_extends
    nodelist = parser.parse()
  File "/home/Francisco-dev/.local/lib/python3.13/site-packages/django/template/base.py", line 512, in parse
    self.invalid_block_tag(token, command, parse_until)
    ~~~~~~~~~~~~~~~~~~~~~~^^^^^^^^^^^^^^^^^^^^^^^^^^^^^
  File "/home/Francisco-dev/.local/lib/python3.13/site-packages/django/template/base.py", line 577, in invalid_block_tag
    raise self.error(
    ...<3 lines>...
    )
django.template.exceptions.TemplateSyntaxError: Invalid block tag on line 8: 'endblock'. Did you forget to register or load this tag?
2025-09-27 20:47:25,708 - django.utils.autoreload - INFO - /home/Francisco-dev/work/Python/Django/WORK/PsysMsql/users/urls.py changed, reloading.
2025-09-27 20:58:22,986 - django.request - WARNING - Not Found: /favicon.ico
2025-09-27 21:06:19,723 - django.request - WARNING - Not Found: /favicon.ico
2025-09-27 21:09:38,825 - django.utils.autoreload - INFO - /home/Francisco-dev/work/Python/Django/WORK/PsysMsql/users/forms.py changed, reloading.
2025-09-27 21:09:41,696 - django.utils.autoreload - INFO - /home/Francisco-dev/work/Python/Django/WORK/PsysMsql/users/forms.py changed, reloading.
2025-09-27 21:14:34,033 - django.utils.autoreload - INFO - /home/Francisco-dev/work/Python/Django/WORK/PsysMsql/users/forms.py changed, reloading.
2025-09-27 21:15:07,473 - django.utils.autoreload - INFO - /home/Francisco-dev/work/Python/Django/WORK/PsysMsql/users/forms.py changed, reloading.
2025-09-27 21:16:21,233 - django.utils.autoreload - INFO - /home/Francisco-dev/work/Python/Django/WORK/PsysMsql/users/forms.py changed, reloading.
2025-09-27 21:16:23,917 - django.utils.autoreload - INFO - /home/Francisco-dev/work/Python/Django/WORK/PsysMsql/users/forms.py changed, reloading.
2025-09-27 21:17:59,789 - django.utils.autoreload - INFO - /home/Francisco-dev/work/Python/Django/WORK/PsysMsql/users/views.py changed, reloading.
2025-09-27 21:18:12,628 - django.utils.autoreload - INFO - /home/Francisco-dev/work/Python/Django/WORK/PsysMsql/users/views.py changed, reloading.
2025-09-27 21:18:53,135 - django.utils.autoreload - INFO - /home/Francisco-dev/work/Python/Django/WORK/PsysMsql/users/views.py changed, reloading.
2025-09-27 21:25:33,925 - django.utils.autoreload - INFO - /home/Francisco-dev/work/Python/Django/WORK/PsysMsql/users/forms.py changed, reloading.
2025-09-27 21:27:50,501 - django.utils.autoreload - INFO - /home/Francisco-dev/work/Python/Django/WORK/PsysMsql/users/forms.py changed, reloading.
2025-09-27 21:27:52,900 - django.request - WARNING - Not Found: /favicon.ico
2025-09-27 21:28:12,095 - django.utils.autoreload - INFO - /home/Francisco-dev/work/Python/Django/WORK/PsysMsql/users/forms.py changed, reloading.
2025-09-27 21:28:47,178 - django.utils.autoreload - INFO - /home/Francisco-dev/work/Python/Django/WORK/PsysMsql/users/forms.py changed, reloading.
2025-09-27 21:29:13,850 - django.utils.autoreload - INFO - /home/Francisco-dev/work/Python/Django/WORK/PsysMsql/users/forms.py changed, reloading.
2025-09-27 21:32:12,881 - django.utils.autoreload - INFO - /home/Francisco-dev/work/Python/Django/WORK/PsysMsql/users/forms.py changed, reloading.
2025-09-27 21:32:16,175 - django.request - WARNING - Not Found: /favicon.ico
2025-09-27 21:33:50,032 - django.utils.autoreload - INFO - /home/Francisco-dev/work/Python/Django/WORK/PsysMsql/users/forms.py changed, reloading.
2025-09-27 21:34:30,396 - django.utils.autoreload - INFO - /home/Francisco-dev/work/Python/Django/WORK/PsysMsql/users/forms.py changed, reloading.
2025-09-27 21:35:48,862 - django.request - WARNING - Not Found: /favicon.ico
2025-09-27 21:35:49,154 - django.utils.autoreload - INFO - /home/Francisco-dev/work/Python/Django/WORK/PsysMsql/users/forms.py changed, reloading.
2025-09-27 21:37:11,013 - django.utils.autoreload - INFO - /home/Francisco-dev/work/Python/Django/WORK/PsysMsql/users/forms.py changed, reloading.
2025-09-27 21:37:23,265 - django.utils.autoreload - INFO - /home/Francisco-dev/work/Python/Django/WORK/PsysMsql/users/forms.py changed, reloading.
2025-09-27 21:37:25,166 - django.request - WARNING - Not Found: /favicon.ico
2025-09-27 21:37:26,430 - django.request - WARNING - Not Found: /favicon.ico
2025-09-27 21:40:09,194 - django.request - WARNING - Not Found: /favicon.ico
2025-09-27 21:40:09,588 - django.utils.autoreload - INFO - /home/Francisco-dev/work/Python/Django/WORK/PsysMsql/users/forms.py changed, reloading.
2025-09-27 21:40:11,462 - django.request - WARNING - Not Found: /favicon.ico
2025-09-27 21:40:44,688 - django.utils.autoreload - INFO - /home/Francisco-dev/work/Python/Django/WORK/PsysMsql/users/forms.py changed, reloading.
2025-09-27 21:41:04,380 - django.utils.autoreload - INFO - /home/Francisco-dev/work/Python/Django/WORK/PsysMsql/users/forms.py changed, reloading.
2025-09-27 21:41:06,245 - django.request - WARNING - Not Found: /favicon.ico
2025-09-28 16:39:22,159 - django.utils.autoreload - INFO - /home/Francisco-dev/work/Python/Django/WORK/PsysMsql/users/forms.py changed, reloading.
